<?xml version="1.0" encoding="UTF-8"?>
<testng-results skipped="0" failed="0" total="0" passed="0">
  <reporter-output>
  </reporter-output>
  <suite name="runner.Testrunner" duration-ms="3" started-at="2021-05-19T09:23:00Z" finished-at="2021-05-19T09:23:00Z">
    <groups>
    </groups>
    <test name="Command line test" duration-ms="3" started-at="2021-05-19T09:23:00Z" finished-at="2021-05-19T09:23:00Z">
    </test> <!-- Command line test -->
  </suite> <!-- runner.Testrunner -->
</testng-results>
